{"/Users/egorsamoylin/Desktop/hexlet/frontend-project-lvl2/src/buildTree.js": {"path":"/Users/egorsamoylin/Desktop/hexlet/frontend-project-lvl2/src/buildTree.js","all":false,"statementMap":{"0":{"start":{"line":1,"column":0},"end":{"line":1,"column":23}},"1":{"start":{"line":2,"column":0},"end":{"line":2,"column":0}},"2":{"start":{"line":3,"column":0},"end":{"line":3,"column":37}},"3":{"start":{"line":4,"column":0},"end":{"line":4,"column":35}},"4":{"start":{"line":5,"column":0},"end":{"line":5,"column":35}},"5":{"start":{"line":6,"column":0},"end":{"line":6,"column":70}},"6":{"start":{"line":7,"column":0},"end":{"line":7,"column":0}},"7":{"start":{"line":8,"column":0},"end":{"line":8,"column":36}},"8":{"start":{"line":9,"column":0},"end":{"line":9,"column":33}},"9":{"start":{"line":10,"column":0},"end":{"line":10,"column":61}},"10":{"start":{"line":11,"column":0},"end":{"line":11,"column":9}},"11":{"start":{"line":12,"column":0},"end":{"line":12,"column":33}},"12":{"start":{"line":13,"column":0},"end":{"line":13,"column":63}},"13":{"start":{"line":14,"column":0},"end":{"line":14,"column":9}},"14":{"start":{"line":15,"column":0},"end":{"line":15,"column":49}},"15":{"start":{"line":16,"column":0},"end":{"line":16,"column":84}},"16":{"start":{"line":17,"column":0},"end":{"line":17,"column":9}},"17":{"start":{"line":18,"column":0},"end":{"line":18,"column":63}},"18":{"start":{"line":19,"column":0},"end":{"line":19,"column":84}},"19":{"start":{"line":20,"column":0},"end":{"line":20,"column":9}},"20":{"start":{"line":21,"column":0},"end":{"line":21,"column":62}},"21":{"start":{"line":22,"column":0},"end":{"line":22,"column":6}},"22":{"start":{"line":23,"column":0},"end":{"line":23,"column":0}},"23":{"start":{"line":24,"column":0},"end":{"line":24,"column":4}},"24":{"start":{"line":25,"column":0},"end":{"line":25,"column":1}},"25":{"start":{"line":26,"column":0},"end":{"line":26,"column":0}},"26":{"start":{"line":27,"column":0},"end":{"line":27,"column":24}}},"s":{"0":1,"1":1,"2":1,"3":1,"4":1,"5":1,"6":1,"7":1,"8":5,"9":1,"10":1,"11":5,"12":2,"13":2,"14":5,"15":1,"16":1,"17":5,"18":0,"19":0,"20":1,"21":1,"22":1,"23":1,"24":1,"25":1,"26":1},"branchMap":{"0":{"type":"branch","line":3,"loc":{"start":{"line":3,"column":18},"end":{"line":25,"column":1}},"locations":[{"start":{"line":3,"column":18},"end":{"line":25,"column":1}}]},"1":{"type":"branch","line":8,"loc":{"start":{"line":8,"column":27},"end":{"line":22,"column":6}},"locations":[{"start":{"line":8,"column":27},"end":{"line":22,"column":6}}]},"2":{"type":"branch","line":9,"loc":{"start":{"line":9,"column":32},"end":{"line":11,"column":9}},"locations":[{"start":{"line":9,"column":32},"end":{"line":11,"column":9}}]},"3":{"type":"branch","line":12,"loc":{"start":{"line":12,"column":-1},"end":{"line":12,"column":12}},"locations":[{"start":{"line":12,"column":-1},"end":{"line":12,"column":12}}]},"4":{"type":"branch","line":12,"loc":{"start":{"line":12,"column":32},"end":{"line":15,"column":12}},"locations":[{"start":{"line":12,"column":32},"end":{"line":15,"column":12}}]},"5":{"type":"branch","line":15,"loc":{"start":{"line":15,"column":48},"end":{"line":18,"column":13}},"locations":[{"start":{"line":15,"column":48},"end":{"line":18,"column":13}}]},"6":{"type":"branch","line":18,"loc":{"start":{"line":18,"column":12},"end":{"line":18,"column":39}},"locations":[{"start":{"line":18,"column":12},"end":{"line":18,"column":39}}]},"7":{"type":"branch","line":18,"loc":{"start":{"line":18,"column":62},"end":{"line":20,"column":9}},"locations":[{"start":{"line":18,"column":62},"end":{"line":20,"column":9}}]},"8":{"type":"branch","line":21,"loc":{"start":{"line":21,"column":-1},"end":{"line":22,"column":6}},"locations":[{"start":{"line":21,"column":-1},"end":{"line":22,"column":6}}]}},"b":{"0":[1],"1":[5],"2":[1],"3":[4],"4":[2],"5":[1],"6":[0],"7":[0],"8":[1]},"fnMap":{"0":{"name":"buildTree","decl":{"start":{"line":3,"column":18},"end":{"line":25,"column":1}},"loc":{"start":{"line":3,"column":18},"end":{"line":25,"column":1}},"line":3}},"f":{"0":1}}
,"/Users/egorsamoylin/Desktop/hexlet/frontend-project-lvl2/src/editTree.js": {"path":"/Users/egorsamoylin/Desktop/hexlet/frontend-project-lvl2/src/editTree.js","all":false,"statementMap":{"0":{"start":{"line":1,"column":0},"end":{"line":1,"column":28}},"1":{"start":{"line":2,"column":0},"end":{"line":2,"column":21}},"2":{"start":{"line":3,"column":0},"end":{"line":3,"column":73}},"3":{"start":{"line":4,"column":0},"end":{"line":4,"column":32}},"4":{"start":{"line":5,"column":0},"end":{"line":5,"column":23}},"5":{"start":{"line":6,"column":0},"end":{"line":6,"column":46}},"6":{"start":{"line":7,"column":0},"end":{"line":7,"column":9}},"7":{"start":{"line":8,"column":0},"end":{"line":8,"column":34}},"8":{"start":{"line":9,"column":0},"end":{"line":9,"column":23}},"9":{"start":{"line":10,"column":0},"end":{"line":10,"column":46}},"10":{"start":{"line":11,"column":0},"end":{"line":11,"column":9}},"11":{"start":{"line":12,"column":0},"end":{"line":12,"column":37}},"12":{"start":{"line":13,"column":0},"end":{"line":13,"column":23}},"13":{"start":{"line":14,"column":0},"end":{"line":14,"column":46}},"14":{"start":{"line":15,"column":0},"end":{"line":15,"column":9}},"15":{"start":{"line":16,"column":0},"end":{"line":16,"column":34}},"16":{"start":{"line":17,"column":0},"end":{"line":17,"column":30}},"17":{"start":{"line":18,"column":0},"end":{"line":18,"column":88}},"18":{"start":{"line":19,"column":0},"end":{"line":19,"column":9}},"19":{"start":{"line":20,"column":0},"end":{"line":20,"column":6}},"20":{"start":{"line":21,"column":0},"end":{"line":21,"column":0}},"21":{"start":{"line":22,"column":0},"end":{"line":22,"column":43}},"22":{"start":{"line":23,"column":0},"end":{"line":23,"column":31}},"23":{"start":{"line":24,"column":0},"end":{"line":24,"column":7}},"24":{"start":{"line":25,"column":0},"end":{"line":25,"column":4}},"25":{"start":{"line":26,"column":0},"end":{"line":26,"column":56}},"26":{"start":{"line":27,"column":0},"end":{"line":27,"column":1}},"27":{"start":{"line":28,"column":0},"end":{"line":28,"column":0}},"28":{"start":{"line":29,"column":0},"end":{"line":29,"column":23}}},"s":{"0":1,"1":1,"2":1,"3":5,"4":1,"5":1,"6":1,"7":5,"8":2,"9":2,"10":2,"11":5,"12":1,"13":1,"14":1,"15":1,"16":1,"17":1,"18":1,"19":5,"20":1,"21":1,"22":5,"23":5,"24":1,"25":1,"26":1,"27":1,"28":1},"branchMap":{"0":{"type":"branch","line":1,"loc":{"start":{"line":1,"column":18},"end":{"line":27,"column":1}},"locations":[{"start":{"line":1,"column":18},"end":{"line":27,"column":1}}]},"1":{"type":"branch","line":3,"loc":{"start":{"line":3,"column":29},"end":{"line":20,"column":6}},"locations":[{"start":{"line":3,"column":29},"end":{"line":20,"column":6}}]},"2":{"type":"branch","line":4,"loc":{"start":{"line":4,"column":31},"end":{"line":7,"column":9}},"locations":[{"start":{"line":4,"column":31},"end":{"line":7,"column":9}}]},"3":{"type":"branch","line":8,"loc":{"start":{"line":8,"column":-1},"end":{"line":8,"column":12}},"locations":[{"start":{"line":8,"column":-1},"end":{"line":8,"column":12}}]},"4":{"type":"branch","line":8,"loc":{"start":{"line":8,"column":33},"end":{"line":12,"column":12}},"locations":[{"start":{"line":8,"column":33},"end":{"line":12,"column":12}}]},"5":{"type":"branch","line":12,"loc":{"start":{"line":12,"column":36},"end":{"line":19,"column":9}},"locations":[{"start":{"line":12,"column":36},"end":{"line":19,"column":9}}]},"6":{"type":"branch","line":22,"loc":{"start":{"line":22,"column":32},"end":{"line":24,"column":7}},"locations":[{"start":{"line":22,"column":32},"end":{"line":24,"column":7}}]}},"b":{"0":[1],"1":[5],"2":[1],"3":[4],"4":[2],"5":[1],"6":[5]},"fnMap":{"0":{"name":"editTree","decl":{"start":{"line":1,"column":18},"end":{"line":27,"column":1}},"loc":{"start":{"line":1,"column":18},"end":{"line":27,"column":1}},"line":1}},"f":{"0":1}}
,"/Users/egorsamoylin/Desktop/hexlet/frontend-project-lvl2/src/index.js": {"path":"/Users/egorsamoylin/Desktop/hexlet/frontend-project-lvl2/src/index.js","all":false,"statementMap":{"0":{"start":{"line":1,"column":0},"end":{"line":1,"column":20}},"1":{"start":{"line":2,"column":0},"end":{"line":2,"column":24}},"2":{"start":{"line":3,"column":0},"end":{"line":3,"column":39}},"3":{"start":{"line":4,"column":0},"end":{"line":4,"column":37}},"4":{"start":{"line":5,"column":0},"end":{"line":5,"column":36}},"5":{"start":{"line":6,"column":0},"end":{"line":6,"column":0}},"6":{"start":{"line":7,"column":0},"end":{"line":7,"column":63}},"7":{"start":{"line":8,"column":0},"end":{"line":8,"column":83}},"8":{"start":{"line":9,"column":0},"end":{"line":9,"column":0}},"9":{"start":{"line":10,"column":0},"end":{"line":10,"column":38}},"10":{"start":{"line":11,"column":0},"end":{"line":11,"column":65}},"11":{"start":{"line":12,"column":0},"end":{"line":12,"column":60}},"12":{"start":{"line":13,"column":0},"end":{"line":13,"column":44}},"13":{"start":{"line":14,"column":0},"end":{"line":14,"column":19}},"14":{"start":{"line":15,"column":0},"end":{"line":15,"column":1}},"15":{"start":{"line":16,"column":0},"end":{"line":16,"column":0}},"16":{"start":{"line":17,"column":0},"end":{"line":17,"column":43}},"17":{"start":{"line":18,"column":0},"end":{"line":18,"column":47}},"18":{"start":{"line":19,"column":0},"end":{"line":19,"column":47}},"19":{"start":{"line":20,"column":0},"end":{"line":20,"column":44}},"20":{"start":{"line":21,"column":0},"end":{"line":21,"column":45}},"21":{"start":{"line":22,"column":0},"end":{"line":22,"column":0}},"22":{"start":{"line":23,"column":0},"end":{"line":23,"column":25}},"23":{"start":{"line":24,"column":0},"end":{"line":24,"column":1}},"24":{"start":{"line":25,"column":0},"end":{"line":25,"column":0}},"25":{"start":{"line":26,"column":0},"end":{"line":26,"column":23}}},"s":{"0":1,"1":1,"2":1,"3":1,"4":1,"5":1,"6":1,"7":1,"8":1,"9":1,"10":2,"11":2,"12":2,"13":2,"14":2,"15":1,"16":1,"17":1,"18":1,"19":1,"20":1,"21":1,"22":1,"23":1,"24":1,"25":1},"branchMap":{"0":{"type":"branch","line":10,"loc":{"start":{"line":10,"column":28},"end":{"line":15,"column":1}},"locations":[{"start":{"line":10,"column":28},"end":{"line":15,"column":1}}]},"1":{"type":"branch","line":11,"loc":{"start":{"line":11,"column":21},"end":{"line":11,"column":60}},"locations":[{"start":{"line":11,"column":21},"end":{"line":11,"column":60}}]},"2":{"type":"branch","line":17,"loc":{"start":{"line":17,"column":16},"end":{"line":24,"column":1}},"locations":[{"start":{"line":17,"column":16},"end":{"line":24,"column":1}}]}},"b":{"0":[2],"1":[0],"2":[1]},"fnMap":{"0":{"name":"getPath","decl":{"start":{"line":8,"column":17},"end":{"line":8,"column":34}},"loc":{"start":{"line":8,"column":17},"end":{"line":8,"column":34}},"line":8},"1":{"name":"getContentFromFile","decl":{"start":{"line":10,"column":28},"end":{"line":15,"column":1}},"loc":{"start":{"line":10,"column":28},"end":{"line":15,"column":1}},"line":10},"2":{"name":"gendiff","decl":{"start":{"line":17,"column":16},"end":{"line":24,"column":1}},"loc":{"start":{"line":17,"column":16},"end":{"line":24,"column":1}},"line":17}},"f":{"0":0,"1":2,"2":1}}
}
