TN:
SF:src/buildTree.js
FN:3,buildTree
FNF:1
FNH:1
FNDA:1,buildTree
DA:1,1
DA:2,1
DA:3,1
DA:4,1
DA:5,1
DA:6,1
DA:7,1
DA:8,1
DA:9,5
DA:10,1
DA:11,1
DA:12,5
DA:13,2
DA:14,2
DA:15,5
DA:16,1
DA:17,1
DA:18,5
DA:19,0
DA:20,0
DA:21,1
DA:22,1
DA:23,1
DA:24,1
DA:25,1
DA:26,1
DA:27,1
LF:27
LH:25
BRDA:3,0,0,1
BRDA:8,1,0,5
BRDA:9,2,0,1
BRDA:12,3,0,4
BRDA:12,4,0,2
BRDA:15,5,0,1
BRDA:18,6,0,0
BRDA:18,7,0,0
BRDA:21,8,0,1
BRF:9
BRH:7
end_of_record
TN:
SF:src/editTree.js
FN:1,editTree
FNF:1
FNH:1
FNDA:1,editTree
DA:1,1
DA:2,1
DA:3,1
DA:4,5
DA:5,1
DA:6,1
DA:7,1
DA:8,5
DA:9,2
DA:10,2
DA:11,2
DA:12,5
DA:13,1
DA:14,1
DA:15,1
DA:16,1
DA:17,1
DA:18,1
DA:19,1
DA:20,5
DA:21,1
DA:22,1
DA:23,5
DA:24,5
DA:25,1
DA:26,1
DA:27,1
DA:28,1
DA:29,1
LF:29
LH:29
BRDA:1,0,0,1
BRDA:3,1,0,5
BRDA:4,2,0,1
BRDA:8,3,0,4
BRDA:8,4,0,2
BRDA:12,5,0,1
BRDA:22,6,0,5
BRF:7
BRH:7
end_of_record
TN:
SF:src/index.js
FN:8,getPath
FN:10,getContentFromFile
FN:17,gendiff
FNF:3
FNH:2
FNDA:0,getPath
FNDA:2,getContentFromFile
FNDA:1,gendiff
DA:1,1
DA:2,1
DA:3,1
DA:4,1
DA:5,1
DA:6,1
DA:7,1
DA:8,1
DA:9,1
DA:10,1
DA:11,2
DA:12,2
DA:13,2
DA:14,2
DA:15,2
DA:16,1
DA:17,1
DA:18,1
DA:19,1
DA:20,1
DA:21,1
DA:22,1
DA:23,1
DA:24,1
DA:25,1
DA:26,1
LF:26
LH:26
BRDA:10,0,0,2
BRDA:11,1,0,0
BRDA:17,2,0,1
BRF:3
BRH:2
end_of_record
